# JRE version: OpenJDK Runtime Environment (17.0.9) (build 17.0.9+0--11185874)
# Java VM: OpenJDK 64-Bit Server VM (17.0.9+0--11185874, mixed mode, tiered, compressed oops, compressed class ptrs, g1 gc, windows-amd64)
GC Precious Log:
 CPUs: 12 total, 12 available
 Memory: 7832M
 Large Page Support: Disabled
 NUMA Support: Disabled
 Compressed Oops: Enabled (32-bit)
 Heap Region Size: 1M
 Heap Min Capacity: 8M
 Heap Initial Capacity: 124M
 Heap Max Capacity: 2G
 Pre-touch: Disabled
 Parallel Workers: 10
 Concurrent Workers: 3
 Concurrent Refinement Workers: 10
 Periodic GC: Disabled
Heap:
 garbage-first heap   total 164864K, used 79137K [0x0000000080000000, 0x0000000100000000)
  region size 1024K, 7 young (7168K), 7 survivors (7168K)
 Metaspace       used 78625K, committed 79232K, reserved 1179648K
  class space    used 10671K, committed 10944K, reserved 1048576K
GC Heap History (20 events):
Event: 6.802 GC heap after
{Heap after GC invocations=14 (full 0):
 garbage-first heap   total 86016K, used 36661K [0x0000000080000000, 0x0000000100000000)
  region size 1024K, 4 young (4096K), 4 survivors (4096K)
 Metaspace       used 56647K, committed 57152K, reserved 1114112K
  class space    used 7775K, committed 8000K, reserved 1048576K
}
Event: 7.092 GC heap before
{Heap before GC invocations=14 (full 0):
 garbage-first heap   total 86016K, used 49973K [0x0000000080000000, 0x0000000100000000)
  region size 1024K, 18 young (18432K), 4 survivors (4096K)
 Metaspace       used 59780K, committed 60288K, reserved 1114112K
  class space    used 8212K, committed 8448K, reserved 1048576K
}
Event: 7.103 GC heap after
{Heap after GC invocations=15 (full 0):
 garbage-first heap   total 86016K, used 38154K [0x0000000080000000, 0x0000000100000000)
  region size 1024K, 4 young (4096K), 4 survivors (4096K)
 Metaspace       used 59780K, committed 60288K, reserved 1114112K
  class space    used 8212K, committed 8448K, reserved 1048576K
}
Event: 8.501 GC heap before
{Heap before GC invocations=16 (full 0):
 garbage-first heap   total 86016K, used 68874K [0x0000000080000000, 0x0000000100000000)
  region size 1024K, 34 young (34816K), 4 survivors (4096K)
 Metaspace       used 62319K, committed 62848K, reserved 1114112K
  class space    used 8488K, committed 8768K, reserved 1048576K
}
Event: 8.506 GC heap after
{Heap after GC invocations=17 (full 0):
 garbage-first heap   total 86016K, used 42578K [0x0000000080000000, 0x0000000100000000)
  region size 1024K, 5 young (5120K), 5 survivors (5120K)
 Metaspace       used 62319K, committed 62848K, reserved 1114112K
  class space    used 8488K, committed 8768K, reserved 1048576K
}
Event: 8.602 GC heap before
{Heap before GC invocations=17 (full 0):
 garbage-first heap   total 86016K, used 48722K [0x0000000080000000, 0x0000000100000000)
  region size 1024K, 12 young (12288K), 5 survivors (5120K)
 Metaspace       used 62636K, committed 63168K, reserved 1114112K
  class space    used 8526K, committed 8832K, reserved 1048576K
}
Event: 8.606 GC heap after
{Heap after GC invocations=18 (full 0):
 garbage-first heap   total 86016K, used 44876K [0x0000000080000000, 0x0000000100000000)
  region size 1024K, 2 young (2048K), 2 survivors (2048K)
 Metaspace       used 62636K, committed 63168K, reserved 1114112K
  class space    used 8526K, committed 8832K, reserved 1048576K
}
Event: 8.982 GC heap before
{Heap before GC invocations=19 (full 0):
 garbage-first heap   total 86016K, used 77644K [0x0000000080000000, 0x0000000100000000)
  region size 1024K, 24 young (24576K), 2 survivors (2048K)
 Metaspace       used 63745K, committed 64320K, reserved 1114112K
  class space    used 8674K, committed 8960K, reserved 1048576K
}
Event: 8.986 GC heap after
{Heap after GC invocations=20 (full 0):
 garbage-first heap   total 89088K, used 62972K [0x0000000080000000, 0x0000000100000000)
  region size 1024K, 4 young (4096K), 4 survivors (4096K)
 Metaspace       used 63745K, committed 64320K, reserved 1114112K
  class space    used 8674K, committed 8960K, reserved 1048576K
}
Event: 8.996 GC heap before
{Heap before GC invocations=20 (full 0):
 garbage-first heap   total 89088K, used 62972K [0x0000000080000000, 0x0000000100000000)
  region size 1024K, 5 young (5120K), 4 survivors (4096K)
 Metaspace       used 63784K, committed 64320K, reserved 1114112K
  class space    used 8679K, committed 8960K, reserved 1048576K
}
Event: 8.998 GC heap after
{Heap after GC invocations=21 (full 0):
 garbage-first heap   total 89088K, used 62572K [0x0000000080000000, 0x0000000100000000)
  region size 1024K, 1 young (1024K), 1 survivors (1024K)
 Metaspace       used 63784K, committed 64320K, reserved 1114112K
  class space    used 8679K, committed 8960K, reserved 1048576K
}
Event: 9.029 GC heap before
{Heap before GC invocations=21 (full 0):
 garbage-first heap   total 89088K, used 63596K [0x0000000080000000, 0x0000000100000000)
  region size 1024K, 4 young (4096K), 1 survivors (1024K)
 Metaspace       used 63931K, committed 64512K, reserved 1114112K
  class space    used 8691K, committed 8960K, reserved 1048576K
}
Event: 9.031 GC heap after
{Heap after GC invocations=22 (full 0):
 garbage-first heap   total 164864K, used 62956K [0x0000000080000000, 0x0000000100000000)
  region size 1024K, 1 young (1024K), 1 survivors (1024K)
 Metaspace       used 63931K, committed 64512K, reserved 1114112K
  class space    used 8691K, committed 8960K, reserved 1048576K
}
Event: 9.621 GC heap before
{Heap before GC invocations=22 (full 0):
 garbage-first heap   total 164864K, used 106988K [0x0000000080000000, 0x0000000100000000)
  region size 1024K, 43 young (44032K), 1 survivors (1024K)
 Metaspace       used 67780K, committed 68352K, reserved 1114112K
  class space    used 9174K, committed 9472K, reserved 1048576K
}
Event: 9.629 GC heap after
{Heap after GC invocations=23 (full 0):
 garbage-first heap   total 164864K, used 65139K [0x0000000080000000, 0x0000000100000000)
  region size 1024K, 2 young (2048K), 2 survivors (2048K)
 Metaspace       used 67780K, committed 68352K, reserved 1114112K
  class space    used 9174K, committed 9472K, reserved 1048576K
}
Event: 10.235 GC heap before
{Heap before GC invocations=23 (full 0):
 garbage-first heap   total 164864K, used 115315K [0x0000000080000000, 0x0000000100000000)
  region size 1024K, 47 young (48128K), 2 survivors (2048K)
 Metaspace       used 71775K, committed 72384K, reserved 1114112K
  class space    used 9738K, committed 9984K, reserved 1048576K
}
Event: 10.243 GC heap after
{Heap after GC invocations=24 (full 0):
 garbage-first heap   total 164864K, used 72496K [0x0000000080000000, 0x0000000100000000)
  region size 1024K, 6 young (6144K), 6 survivors (6144K)
 Metaspace       used 71775K, committed 72384K, reserved 1114112K
  class space    used 9738K, committed 9984K, reserved 1048576K
}
Event: 10.704 GC heap before
{Heap before GC invocations=24 (full 0):
 garbage-first heap   total 164864K, used 118576K [0x0000000080000000, 0x0000000100000000)
  region size 1024K, 49 young (50176K), 6 survivors (6144K)
 Metaspace       used 74452K, committed 75008K, reserved 1114112K
  class space    used 10104K, committed 10368K, reserved 1048576K
}
Event: 10.711 GC heap after
{Heap after GC invocations=25 (full 0):
 garbage-first heap   total 164864K, used 71776K [0x0000000080000000, 0x0000000100000000)
  region size 1024K, 4 young (4096K), 4 survivors (4096K)
 Metaspace       used 74452K, committed 75008K, reserved 1114112K
  class space    used 10104K, committed 10368K, reserved 1048576K
}
Event: 11.418 GC heap before
{Heap before GC invocations=25 (full 0):
 garbage-first heap   total 164864K, used 122976K [0x0000000080000000, 0x0000000100000000)
  region size 1024K, 50 young (51200K), 4 survivors (4096K)
 Metaspace       used 78625K, committed 79232K, reserved 1179648K
  class space    used 10671K, committed 10944K, reserved 1048576K
}

