# JRE version: OpenJDK Runtime Environment (17.0.9) (build 17.0.9+0--11185874)
# Java VM: OpenJDK 64-Bit Server VM (17.0.9+0--11185874, mixed mode, tiered, compressed oops, compressed class ptrs, g1 gc, windows-amd64)
GC Precious Log:
 CPUs: 12 total, 12 available
 Memory: 7832M
 Large Page Support: Disabled
 NUMA Support: Disabled
 Compressed Oops: Enabled (32-bit)
 Heap Region Size: 1M
 Heap Min Capacity: 8M
 Heap Initial Capacity: 124M
 Heap Max Capacity: 2G
 Pre-touch: Disabled
 Parallel Workers: 10
 Concurrent Workers: 3
 Concurrent Refinement Workers: 10
 Periodic GC: Disabled
Heap:
 garbage-first heap   total 321536K, used 146746K [0x0000000080000000, 0x0000000100000000)
  region size 1024K, 24 young (24576K), 2 survivors (2048K)
 Metaspace       used 115700K, committed 116544K, reserved 1179648K
  class space    used 15973K, committed 16384K, reserved 1048576K
GC Heap History (20 events):
Event: 7.339 GC heap before
{Heap before GC invocations=43 (full 0):
 garbage-first heap   total 218112K, used 166918K [0x0000000080000000, 0x0000000100000000)
  region size 1024K, 80 young (81920K), 1 survivors (1024K)
 Metaspace       used 90659K, committed 91392K, reserved 1179648K
  class space    used 12554K, committed 12928K, reserved 1048576K
}
Event: 7.342 GC heap after
{Heap after GC invocations=44 (full 0):
 garbage-first heap   total 218112K, used 87742K [0x0000000080000000, 0x0000000100000000)
  region size 1024K, 4 young (4096K), 4 survivors (4096K)
 Metaspace       used 90659K, committed 91392K, reserved 1179648K
  class space    used 12554K, committed 12928K, reserved 1048576K
}
Event: 7.956 GC heap before
{Heap before GC invocations=44 (full 0):
 garbage-first heap   total 218112K, used 175806K [0x0000000080000000, 0x0000000100000000)
  region size 1024K, 90 young (92160K), 4 survivors (4096K)
 Metaspace       used 97408K, committed 98112K, reserved 1179648K
  class space    used 13590K, committed 13952K, reserved 1048576K
}
Event: 7.960 GC heap after
{Heap after GC invocations=45 (full 0):
 garbage-first heap   total 218112K, used 91935K [0x0000000080000000, 0x0000000100000000)
  region size 1024K, 8 young (8192K), 8 survivors (8192K)
 Metaspace       used 97408K, committed 98112K, reserved 1179648K
  class space    used 13590K, committed 13952K, reserved 1048576K
}
Event: 8.586 GC heap before
{Heap before GC invocations=45 (full 0):
 garbage-first heap   total 218112K, used 176927K [0x0000000080000000, 0x0000000100000000)
  region size 1024K, 91 young (93184K), 8 survivors (8192K)
 Metaspace       used 103266K, committed 104128K, reserved 1179648K
  class space    used 14517K, committed 14912K, reserved 1048576K
}
Event: 8.595 GC heap after
{Heap after GC invocations=46 (full 0):
 garbage-first heap   total 218112K, used 99917K [0x0000000080000000, 0x0000000100000000)
  region size 1024K, 12 young (12288K), 12 survivors (12288K)
 Metaspace       used 103266K, committed 104128K, reserved 1179648K
  class space    used 14517K, committed 14912K, reserved 1048576K
}
Event: 8.983 GC heap before
{Heap before GC invocations=46 (full 0):
 garbage-first heap   total 218112K, used 183885K [0x0000000080000000, 0x0000000100000000)
  region size 1024K, 88 young (90112K), 12 survivors (12288K)
 Metaspace       used 106267K, committed 107072K, reserved 1179648K
  class space    used 14807K, committed 15232K, reserved 1048576K
}
Event: 8.993 GC heap after
{Heap after GC invocations=47 (full 0):
 garbage-first heap   total 218112K, used 116634K [0x0000000080000000, 0x0000000100000000)
  region size 1024K, 11 young (11264K), 11 survivors (11264K)
 Metaspace       used 106267K, committed 107072K, reserved 1179648K
  class space    used 14807K, committed 15232K, reserved 1048576K
}
Event: 9.323 GC heap before
{Heap before GC invocations=47 (full 0):
 garbage-first heap   total 218112K, used 160666K [0x0000000080000000, 0x0000000100000000)
  region size 1024K, 56 young (57344K), 11 survivors (11264K)
 Metaspace       used 109097K, committed 109824K, reserved 1179648K
  class space    used 15158K, committed 15488K, reserved 1048576K
}
Event: 9.332 GC heap after
{Heap after GC invocations=48 (full 0):
 garbage-first heap   total 218112K, used 129561K [0x0000000080000000, 0x0000000100000000)
  region size 1024K, 8 young (8192K), 8 survivors (8192K)
 Metaspace       used 109097K, committed 109824K, reserved 1179648K
  class space    used 15158K, committed 15488K, reserved 1048576K
}
Event: 9.636 GC heap before
{Heap before GC invocations=49 (full 0):
 garbage-first heap   total 242688K, used 183833K [0x0000000080000000, 0x0000000100000000)
  region size 1024K, 45 young (46080K), 8 survivors (8192K)
 Metaspace       used 111461K, committed 112256K, reserved 1179648K
  class space    used 15420K, committed 15808K, reserved 1048576K
}
Event: 9.641 GC heap after
{Heap after GC invocations=50 (full 0):
 garbage-first heap   total 242688K, used 133461K [0x0000000080000000, 0x0000000100000000)
  region size 1024K, 4 young (4096K), 4 survivors (4096K)
 Metaspace       used 111461K, committed 112256K, reserved 1179648K
  class space    used 15420K, committed 15808K, reserved 1048576K
}
Event: 9.662 GC heap before
{Heap before GC invocations=50 (full 0):
 garbage-first heap   total 242688K, used 139605K [0x0000000080000000, 0x0000000100000000)
  region size 1024K, 11 young (11264K), 4 survivors (4096K)
 Metaspace       used 111594K, committed 112384K, reserved 1179648K
  class space    used 15440K, committed 15872K, reserved 1048576K
}
Event: 9.664 GC heap after
{Heap after GC invocations=51 (full 0):
 garbage-first heap   total 242688K, used 132358K [0x0000000080000000, 0x0000000100000000)
  region size 1024K, 2 young (2048K), 2 survivors (2048K)
 Metaspace       used 111594K, committed 112384K, reserved 1179648K
  class space    used 15440K, committed 15872K, reserved 1048576K
}
Event: 10.001 GC heap before
{Heap before GC invocations=51 (full 0):
 garbage-first heap   total 242688K, used 184582K [0x0000000080000000, 0x0000000100000000)
  region size 1024K, 54 young (55296K), 2 survivors (2048K)
 Metaspace       used 113084K, committed 113856K, reserved 1179648K
  class space    used 15610K, committed 16000K, reserved 1048576K
}
Event: 10.006 GC heap after
{Heap after GC invocations=52 (full 0):
 garbage-first heap   total 321536K, used 139181K [0x0000000080000000, 0x0000000100000000)
  region size 1024K, 7 young (7168K), 7 survivors (7168K)
 Metaspace       used 113084K, committed 113856K, reserved 1179648K
  class space    used 15610K, committed 16000K, reserved 1048576K
}
Event: 11.597 GC heap before
{Heap before GC invocations=53 (full 0):
 garbage-first heap   total 321536K, used 227245K [0x0000000080000000, 0x0000000100000000)
  region size 1024K, 98 young (100352K), 7 survivors (7168K)
 Metaspace       used 115105K, committed 115904K, reserved 1179648K
  class space    used 15885K, committed 16256K, reserved 1048576K
}
Event: 11.603 GC heap after
{Heap after GC invocations=54 (full 0):
 garbage-first heap   total 321536K, used 139990K [0x0000000080000000, 0x0000000100000000)
  region size 1024K, 12 young (12288K), 12 survivors (12288K)
 Metaspace       used 115105K, committed 115904K, reserved 1179648K
  class space    used 15885K, committed 16256K, reserved 1048576K
}
Event: 11.651 GC heap before
{Heap before GC invocations=54 (full 0):
 garbage-first heap   total 321536K, used 143062K [0x0000000080000000, 0x0000000100000000)
  region size 1024K, 15 young (15360K), 12 survivors (12288K)
 Metaspace       used 115483K, committed 116352K, reserved 1179648K
  class space    used 15951K, committed 16384K, reserved 1048576K
}
Event: 11.655 GC heap after
{Heap after GC invocations=55 (full 0):
 garbage-first heap   total 321536K, used 125242K [0x0000000080000000, 0x0000000100000000)
  region size 1024K, 2 young (2048K), 2 survivors (2048K)
 Metaspace       used 115483K, committed 116352K, reserved 1179648K
  class space    used 15951K, committed 16384K, reserved 1048576K
}

